[BEGIN] 2019/10/16 10:12:23
[2019/10/16 10:12:25] Welcome to Ubuntu 14.04.6 LTS (GNU/Linux 4.4.0-142-generic x86_64)
[2019/10/16 10:12:25] 
[2019/10/16 10:12:25]  * Documentation:  https://help.ubuntu.com/
[2019/10/16 10:12:25] 
[2019/10/16 10:12:25] Your Hardware Enablement Stack (HWE) is supported until April 2019.
[2019/10/16 10:12:25] Last login: Wed Oct 16 09:58:56 2019 from 192.168.0.134
[2019/10/16 10:12:26] ywf@ywf-pc:~$ ls
[2019/10/16 10:12:26] =3.0.1  =3.4.0  examples.desktop  公共的  模板  视频  图片  文档  下载  音乐  桌面
[2019/10/16 10:12:32] ywf@ywf-pc:~$ cd /work/workspace/webrtc/
[2019/10/16 10:12:32] ywf@ywf-pc:/work/workspace/webrtc$ ls
[2019/10/16 10:12:32] depot  src
[2019/10/16 10:12:35] ywf@ywf-pc:/work/workspace/webrtc$ cd src/
[2019/10/16 10:12:56] ywf@ywf-pc:/work/workspace/webrtc/src$ ./build/install-build-deps.sh
[2019/10/16 10:12:56] Running as non-root user.
[2019/10/16 10:12:56] You might have to enter your password one or more times for 'sudo'.
[2019/10/16 10:12:56] 
[2019/10/16 10:13:00] [sudo] password for ywf: 
[2019/10/16 10:13:01] 忽略 http://extras.ubuntu.com trusty InRelease                         
[2019/10/16 10:13:02] 获取：1 http://extras.ubuntu.com trusty Release.gpg [72 B]
[2019/10/16 10:13:02] 命中 http://extras.ubuntu.com trusty Release           
[2019/10/16 10:13:03] 命中 http://extras.ubuntu.com trusty/main Sources
[2019/10/16 10:13:03] 命中 http://extras.ubuntu.com trusty/main amd64 Packages   
[2019/10/16 10:13:05] 命中 http://extras.ubuntu.com trusty/main i386 Packages
[2019/10/16 10:13:11] 忽略 http://extras.ubuntu.com trusty/main Translation-zh_CN                    
[2019/10/16 10:13:11] 忽略 http://extras.ubuntu.com trusty/main Translation-zh                       
[2019/10/16 10:13:12] 忽略 http://extras.ubuntu.com trusty/main Translation-en                       
[2019/10/16 10:16:20] 忽略 http://mirrors.ustc.edu.cn trusty InRelease        
[2019/10/16 10:16:21] 获取：2 http://mirrors.ustc.edu.cn trusty Release.gpg [933 B]
[2019/10/16 10:16:21] 命中 http://mirrors.ustc.edu.cn trusty Release
[2019/10/16 10:16:21] 命中 http://mirrors.ustc.edu.cn trusty/main Sources
[2019/10/16 10:16:22] 命中 http://mirrors.ustc.edu.cn trusty/restricted Sources
[2019/10/16 10:16:22] 命中 http://mirrors.ustc.edu.cn trusty/universe Sources
[2019/10/16 10:16:22] 命中 http://mirrors.ustc.edu.cn trusty/multiverse Sources
[2019/10/16 10:16:22] 命中 http://mirrors.ustc.edu.cn trusty/main amd64 Packages
[2019/10/16 10:16:22] 命中 http://mirrors.ustc.edu.cn trusty/restricted amd64 Packages
[2019/10/16 10:16:22] 命中 http://mirrors.ustc.edu.cn trusty/universe amd64 Packages
[2019/10/16 10:16:22] 命中 http://mirrors.ustc.edu.cn trusty/multiverse amd64 Packages
[2019/10/16 10:16:22] 命中 http://mirrors.ustc.edu.cn trusty/main i386 Packages
[2019/10/16 10:16:22] 命中 http://mirrors.ustc.edu.cn trusty/restricted i386 Packages
[2019/10/16 10:16:22] 命中 http://mirrors.ustc.edu.cn trusty/universe i386 Packages
[2019/10/16 10:16:22] 命中 http://mirrors.ustc.edu.cn trusty/multiverse i386 Packages
[2019/10/16 10:16:22] 命中 http://mirrors.ustc.edu.cn trusty/main Translation-zh_CN
[2019/10/16 10:16:23] 命中 http://mirrors.ustc.edu.cn trusty/main Translation-en
[2019/10/16 10:16:23] 命中 http://mirrors.ustc.edu.cn trusty/multiverse Translation-zh_CN
[2019/10/16 10:16:23] 命中 http://mirrors.ustc.edu.cn trusty/multiverse Translation-en
[2019/10/16 10:16:23] 命中 http://mirrors.ustc.edu.cn trusty/restricted Translation-zh_CN
[2019/10/16 10:16:24] 命中 http://mirrors.ustc.edu.cn trusty/restricted Translation-en
[2019/10/16 10:16:24] 命中 http://mirrors.ustc.edu.cn trusty/universe Translation-zh_CN
[2019/10/16 10:16:24] 命中 http://mirrors.ustc.edu.cn trusty/universe Translation-en
[2019/10/16 10:16:26] 忽略 http://mirrors.ustc.edu.cn trusty/main Translation-zh                     
[2019/10/16 10:16:26] 忽略 http://mirrors.ustc.edu.cn trusty/multiverse Translation-zh               
[2019/10/16 10:16:27] 忽略 http://mirrors.ustc.edu.cn trusty/restricted Translation-zh               
[2019/10/16 10:16:27] 忽略 http://mirrors.ustc.edu.cn trusty/universe Translation-zh                 
[2019/10/16 10:16:27] 下载 1,005 B，耗时 3分 27秒 (4 B/s)                                            
[2019/10/16 10:16:31] 正在读取软件包列表... 完成
[2019/10/16 10:16:31] Building apt package list.
[2019/10/16 10:16:35] Skipping debugging symbols.
[2019/10/16 10:16:35] Including 32-bit libraries.
[2019/10/16 10:16:35] Including ARM cross toolchain.
[2019/10/16 10:16:35] Including NaCl, NaCl toolchain, NaCl ports dependencies.
[2019/10/16 10:16:35] Finding missing packages...
[2019/10/16 10:16:35] python-psutil python-yaml realpath rpm ruby subversion texinfo uuid-dev wdiff x11-utils xcompmgr xsltproc xutils-dev xvfb xz-utils zip zlib1g
[2019/10/16 10:16:35] 
[2019/10/16 10:16:36] E: Error, pkgProblemResolver::Resolve generated breaks, this may be caused by held packages.
[2019/10/16 10:16:36] tils-dev xvfb xz-utils zip zlib1g
[2019/10/16 10:16:36] 
[2019/10/16 10:16:36] It produced the following output:
[2019/10/16 10:16:36] NOTE: This is only a simulation!
[2019/10/16 10:16:36]       apt-get needs root privileges for real execution.
[2019/10/16 10:16:36]       Keep also in mind that locking is deactivated,
[2019/10/16 10:16:36]       so don't depend on the relevance to the real current situation!
[2019/10/16 10:16:36] Reading package lists...
[2019/10/16 10:16:36] Building dependency tree...
[2019/10/16 10:16:36] Reading state information...
[2019/10/16 10:16:36] bzip2 is already the newest version.
[2019/10/16 10:16:36] libasound2 is already the newest version.
[2019/10/16 10:16:36] libasound2 set to manually installed.
[2019/10/16 10:16:36] libatk1.0-0 is already the newest version.
[2019/10/16 10:16:36] libatk1.0-0 set to manually installed.
[2019/10/16 10:16:36] libatspi2.0-0 is already the newest version.
[2019/10/16 10:16:36] libatspi2.0-0 set to manually installed.
[2019/10/16 10:16:36] libbrlapi0.6 is already the newest version.
[2019/10/16 10:16:36] libbrlapi0.6 set to manually installed.
[2019/10/16 10:16:36] libbz2-1.0 is already the newest version.
[2019/10/16 10:16:36] libcap2 is already the newest version.
[2019/10/16 10:16:36] libgnome-keyring0 is already the newest version.
[2019/10/16 10:16:36] libgnome-keyring0 set to manually installed.
[2019/10/16 10:16:36] libspeechd2 is already the newest version.
[2019/10/16 10:16:36] libspeechd2 set to manually installed.
[2019/10/16 10:16:36] libxau6 is already the newest version.
[2019/10/16 10:16:36] libxau6 set to manually installed.
[2019/10/16 10:16:36] libxcb1 is already the newest version.
[2019/10/16 10:16:36] libxcb1 set to manually installed.
[2019/10/16 10:16:36] libxcomposite1 is already the newest version.
[2019/10/16 10:16:36] libxcomposite1 set to manually installed.
[2019/10/16 10:16:36] libxdamage1 is already the newest version.
[2019/10/16 10:16:36] libxdamage1 set to manually installed.
[2019/10/16 10:16:36] libxdmcp6 is already the newest version.
[2019/10/16 10:16:36] libxdmcp6 set to manually installed.
[2019/10/16 10:16:36] libxinerama1 is already the newest version.
[2019/10/16 10:16:36] libxinerama1 set to manually installed.
[2019/10/16 10:16:36] libxtst6 is already the newest version.
[2019/10/16 10:16:36] libxtst6 set to manually installed.
[2019/10/16 10:16:36] pkg-config is already the newest version.
[2019/10/16 10:16:36] pkg-config set to manually installed.
[2019/10/16 10:16:36] python is already the newest version.
[2019/10/16 10:16:36] python set to manually installed.
[2019/10/16 10:16:36] python-openssl is already the newest version.
[2019/10/16 10:16:36] python-openssl set to manually installed.
[2019/10/16 10:16:36] x11-utils is already the newest version.
[2019/10/16 10:16:36] x11-utils set to manually installed.
[2019/10/16 10:16:36] xz-utils is already the newest version.
[2019/10/16 10:16:36] xz-utils set to manually installed.
[2019/10/16 10:16:36] zip is already the newest version.
[2019/10/16 10:16:36] zip set to manually installed.
[2019/10/16 10:16:36] libfreetype6 is already the newest version.
[2019/10/16 10:16:36] libfreetype6 set to manually installed.
[2019/10/16 10:16:36] libffi6 is already the newest version.
[2019/10/16 10:16:36] libcairo2 is already the newest version.
[2019/10/16 10:16:36] libcairo2 set to manually installed.
[2019/10/16 10:16:36] libuuid1 is already the newest version.
[2019/10/16 10:16:36] libpam0g is already the newest version.
[2019/10/16 10:16:36] libpci3 is already the newest version.
[2019/10/16 10:16:36] libpci3 set to manually installed.
[2019/10/16 10:16:36] libc6-dev is already the newest version.
[2019/10/16 10:16:36] libc6-dev set to manually installed.
[2019/10/16 10:16:36] libudev1 is already the newest version.
[2019/10/16 10:16:36] libfontconfig1 is already the newest version.
[2019/10/16 10:16:36] libfontconfig1 set to manually installed.
[2019/10/16 10:16:36] libxext6 is already the newest version.
[2019/10/16 10:16:36] libxext6 set to manually installed.
[2019/10/16 10:16:36] libxrender1 is already the newest version.
[2019/10/16 10:16:36] libxrender1 set to manually installed.
[2019/10/16 10:16:36] zlib1g is already the newest version.
[2019/10/16 10:16:36] libxrandr2 is already the newest version.
[2019/10/16 10:16:36] libxrandr2 set to manually installed.
[2019/10/16 10:16:36] locales is already the newest version.
[2019/10/16 10:16:36] curl is already the newest version.
[2019/10/16 10:16:36] curl set to manually installed.
[2019/10/16 10:16:36] libsqlite3-0 is already the newest version.
[2019/10/16 10:16:36] libgtk-3-0 is already the newest version.
[2019/10/16 10:16:36] libgtk-3-0 set to manually installed.
[2019/10/16 10:16:36] libcups2 is already the newest version.
[2019/10/16 10:16:36] libcups2 set to manually installed.
[2019/10/16 10:16:36] libnspr4 is already the newest version.
[2019/10/16 10:16:36] libnspr4 set to manually installed.
[2019/10/16 10:16:36] libexpat1 is already the newest version.
[2019/10/16 10:16:36] patch is already the newest version.
[2019/10/16 10:16:36] patch set to manually installed.
[2019/10/16 10:16:36] libpango1.0-0 is already the newest version.
[2019/10/16 10:16:36] libpango1.0-0 set to manually installed.
[2019/10/16 10:16:36] libxi6 is already the newest version.
[2019/10/16 10:16:36] libxi6 set to manually installed.
[2019/10/16 10:16:36] libpulse0 is already the newest version.
[2019/10/16 10:16:36] libpulse0 set to manually installed.
[2019/10/16 10:16:36] libxfixes3 is already the newest version.
[2019/10/16 10:16:36] libxfixes3 set to manually installed.
[2019/10/16 10:16:36] libappindicator3-1 is already the newest version.
[2019/10/16 10:16:36] libappindicator3-1 set to manually installed.
[2019/10/16 10:16:36] libx11-6 is already the newest version.
[2019/10/16 10:16:36] libx11-6 set to manually installed.
[2019/10/16 10:16:36] dbus-x11 is already the newest version.
[2019/10/16 10:16:36] dbus-x11 set to manually installed.
[2019/10/16 10:16:36] libpcre3 is already the newest version.
[2019/10/16 10:16:36] python-crypto is already the newest version.
[2019/10/16 10:16:36] python-crypto set to manually installed.
[2019/10/16 10:16:36] perl is already the newest version.
[2019/10/16 10:16:36] libx11-xcb1 is already the newest version.
[2019/10/16 10:16:36] libx11-xcb1 set to manually installed.
[2019/10/16 10:16:36] libnss3 is already the newest version.
[2019/10/16 10:16:36] libnss3 set to manually installed.
[2019/10/16 10:16:36] libc6 is already the newest version.
[2019/10/16 10:16:36] libpng12-0 is already the newest version.
[2019/10/16 10:16:36] libpixman-1-0 is already the newest version.
[2019/10/16 10:16:36] libpixman-1-0 set to manually installed.
[2019/10/16 10:16:36] libxcursor1 is already the newest version.
[2019/10/16 10:16:36] libxcursor1 set to manually installed.
[2019/10/16 10:16:36] libstdc++6 is already the newest version.
[2019/10/16 10:16:36] binutils is already the newest version.
[2019/10/16 10:16:36] binutils set to manually installed.
[2019/10/16 10:16:36] libglib2.0-0 is already the newest version.
[2019/10/16 10:16:36] libglib2.0-0 set to manually installed.
[2019/10/16 10:16:36] Some packages could not be installed. This may mean that you have
[2019/10/16 10:16:36] requested an impossible situation or if you are using the unstable
[2019/10/16 10:16:36] distribution that some required packages have not yet been created
[2019/10/16 10:16:36] or been moved out of Incoming.
[2019/10/16 10:16:36] The following information may help to resolve the situation:
[2019/10/16 10:16:36] 
[2019/10/16 10:16:36] The following packages have unmet dependencies:
[2019/10/16 10:16:36]  ant : Depends: default-jre-headless but it is not going to be installed or
[2019/10/16 10:16:36]                 java5-runtime-headless or
[2019/10/16 10:16:36]                 java6-runtime-headless or
[2019/10/16 10:16:36]                 java7-runtime-headless
[2019/10/16 10:16:36]  apache2.2-bin : Depends: apache2-bin (>= 2.3~) but it is not going to be installed
[2019/10/16 10:16:36]  cmake : Depends: libcurl3 (>= 7.16.2) but it is not going to be installed
[2019/10/16 10:16:36]  curl : Depends: libcurl3 (= 7.35.0-1ubuntu2.20) but it is not going to be installed
[2019/10/16 10:16:36]  devscripts : Depends: python3 but it is not going to be installed
[2019/10/16 10:16:36]               Depends: python3:any (>= 3.3.2-2~)
[2019/10/16 10:16:36]               Recommends: lintian but it is not going to be installed
[2019/10/16 10:16:36]               Recommends: python3-debian (>= 0.1.15) but it is not going to be installed
[2019/10/16 10:16:36]               Recommends: python3-magic but it is not going to be installed
[2019/10/16 10:16:36]  dpkg-dev : Depends: libdpkg-perl (= 1.17.5ubuntu5) but 1.17.5ubuntu5.8 is to be installed
[2019/10/16 10:16:36]             Recommends: build-essential but it is not going to be installed
[2019/10/16 10:16:36]             Recommends: libalgorithm-merge-perl but it is not going to be installed
[2019/10/16 10:16:36]  elfutils : Depends: libasm1 (>= 0.132) but it is not going to be installed
[2019/10/16 10:16:36]             Depends: libdw1 (= 0.158-0ubuntu5) but it is not going to be installed
[2019/10/16 10:16:36]             Depends: libelf1 (= 0.158-0ubuntu5) but 0.158-0ubuntu5.3 is to be installed
[2019/10/16 10:16:36]  g++-4.8-multilib : Depends: gcc-4.8-base (= 4.8.2-19ubuntu1) but 4.8.4-2ubuntu1~14.04.4 is to be installed
[2019/10/16 10:16:36]                     Depends: g++-4.8 (= 4.8.2-19ubuntu1) but it is not going to be installed
[2019/10/16 10:16:36]                     Depends: gcc-4.8-multilib (= 4.8.2-19ubuntu1) but it is not going to be installed
[2019/10/16 10:16:36]                     Depends: lib32stdc++-4.8-dev (= 4.8.2-19ubuntu1) but it is not going to be installed
[2019/10/16 10:16:36]                     Depends: libx32stdc++-4.8-dev (= 4.8.2-19ubuntu1) but it is not going to be installed
[2019/10/16 10:16:36]  g++-mingw-w64-i686 : Depends: libstdc++-4.8-dev (>= 4.8.2) but it is not going to be installed
[2019/10/16 10:16:36]  lib32gcc1 : Depends: gcc-4.9-base (= 4.9-20140406-0ubuntu1) but 4.9.3-0ubuntu4 is to be installed
[2019/10/16 10:16:36]  lib32ncurses5-dev : Depends: lib32tinfo-dev (= 5.9+20140118-1ubuntu1) but it is not going to be installed
[2019/10/16 10:16:36]                      Depends: lib32c-dev
[2019/10/16 10:16:36]  lib32stdc++6 : Depends: gcc-4.8-base (= 4.8.2-19ubuntu1) but 4.8.4-2ubuntu1~14.04.4 is to be installed
[2019/10/16 10:16:36]  lib32z1-dev : Depends: zlib1g-dev (= 1:1.2.8.dfsg-1ubuntu1) but it is not going to be installed
[2019/10/16 10:16:36]                Depends: lib32c-dev
[2019/10/16 10:16:36]  libapache2-mod-php5 : Depends: apache2-api-20120211
[2019/10/16 10:16:36]                        Depends: apache2 (>= 2.4) but it is not going to be installed
[2019/10/16 10:16:36]                        Recommends: php5-cli but it is not going to be installed
[2019/10/16 10:16:36] ed
[2019/10/16 10:16:36]                         Depends: libdbusmenu-glib-dev (>= 0.1.8) but it is not going to be installed
[2019/10/16 10:16:36]                         Depends: libdbus-glib-1-dev (>= 0.76) but it is not going to be installed
[2019/10/16 10:16:36]                         Depends: libappindicator3-1 (= 12.10.1+13.10.20130920-0ubuntu4) but 12.10.1+13.10.20130920-0ubuntu4.1 is to be installed
[2019/10/16 10:16:36]  libasound2:i386 : Depends: libc6:i386 (>= 2.16) but it is not going to be installed
[2019/10/16 10:16:36]  libatspi2.0-dev : Depends: libdbus-1-dev but it is not going to be installed
[2019/10/16 10:16:36]                    Depends: libdbus-glib-1-dev but it is not going to be installed
[2019/10/16 10:16:36]  libbluetooth-dev : Depends: libbluetooth3 (= 4.101-0ubuntu13) but 4.101-0ubuntu13.3 is to be installed
[2019/10/16 10:16:36]  libc6-i386 : Depends: libc6 (= 2.19-0ubuntu6) but 2.19-0ubuntu6.14 is to be installed
[2019/10/16 10:16:36]  libcairo2-dev : Depends: libcairo2 (= 1.13.0~20140204-0ubuntu1) but 1.13.0~20140204-0ubuntu1.1 is to be installed
[2019/10/16 10:16:36]                  Depends: libcairo-gobject2 (= 1.13.0~20140204-0ubuntu1) but 1.13.0~20140204-0ubuntu1.1 is to be installed
[2019/10/16 10:16:36]                  Depends: libfontconfig1-dev (>= 2.2.95) but it is not going to be installed
[2019/10/16 10:16:36]                  Depends: libfreetype6-dev (>= 2.1.10) but it is not going to be installed
[2019/10/16 10:16:36]                  Depends: libx11-dev but it is not going to be installed
[2019/10/16 10:16:36]                  Depends: libxrender-dev (>= 0.6) but it is not going to be installed
[2019/10/16 10:16:36]                  Depends: libpng-dev
[2019/10/16 10:16:36]                  Depends: libpixman-1-dev (>= 0.22.0) but it is not going to be installed
[2019/10/16 10:16:36]                  Depends: libxext-dev but it is not going to be installed
[2019/10/16 10:16:36]  libcap2:i386 : Depends: libc6:i386 (>= 2.8) but it is not going to be installed
[2019/10/16 10:16:36]  libcups2-dev : Depends: libcups2 (= 1.7.2-0ubuntu1) but 1.7.2-0ubuntu1.11 is to be installed
[2019/10/16 10:16:36]                 Depends: libgnutls-dev but it is not going to be installed
[2019/10/16 10:16:36]  libcurl4-gnutls-dev : Depends: libcurl3-gnutls (= 7.35.0-1ubuntu2) but 7.35.0-1ubuntu2.20 is to be installed
[2019/10/16 10:16:36]                        Depends: libgnutls-dev but it is not going to be installed
[2019/10/16 10:16:36]                        Depends: libidn11-dev but it is not going to be installed
[2019/10/16 10:16:36]                        Depends: libldap2-dev but it is not going to be installed
[2019/10/16 10:16:36]                        Depends: librtmp-dev but it is not going to be installed
[2019/10/16 10:16:36]                        Depends: zlib1g-dev but it is not going to be installed
[2019/10/16 10:16:36]  libdrm-dev : Depends: libdrm2 (= 2.4.52-1) but 2.4.67-1ubuntu0.14.04.2 is to be installed
[2019/10/16 10:16:36]               Depends: libdrm-intel1 (= 2.4.52-1) but 2.4.67-1ubuntu0.14.04.2 is to be installed
[2019/10/16 10:16:36]               Depends: libdrm-radeon1 (= 2.4.52-1) but 2.4.67-1ubuntu0.14.04.2 is to be installed
[2019/10/16 10:16:36]               Depends: libdrm-nouveau2 (= 2.4.52-1) but 2.4.67-1ubuntu0.14.04.2 is to be installed
[2019/10/16 10:16:36]  libelf-dev : Depends: libelf1 (= 0.158-0ubuntu5) but 0.158-0ubuntu5.3 is to be installed
[2019/10/16 10:16:36]  libelf-dev:i386 : Depends: libelf1:i386 (= 0.158-0ubuntu5) but it is not going to be installed
[2019/10/16 10:16:36]  libffi-dev : Depends: libffi6 (= 3.1~rc1+r3.0.13-12) but 3.1~rc1+r3.0.13-12ubuntu0.2 is to be installed
[2019/10/16 10:16:36]  libfontconfig1 : Breaks: libfontconfig1:i386 (!= 2.11.0-0ubuntu4.2) but 2.11.0-0ubuntu4 is to be installed
[2019/10/16 10:16:36]  libfontconfig1:i386 : Depends: fontconfig-config:i386 (= 2.11.0-0ubuntu4)
[2019/10/16 10:16:36]                        Depends: libc6:i386 (>= 2.7) but it is not going to be installed
[2019/10/16 10:16:36]                        Depends: libexpat1:i386 (>= 2.0.1) but it is not going to be installed
[2019/10/16 10:16:36]                        Depends: libfreetype6:i386 (>= 2.2.1) but it is not going to be installed
[2019/10/16 10:16:36]                        Breaks: libfontconfig1 (!= 2.11.0-0ubuntu4) but 2.11.0-0ubuntu4.2 is to be installed
[2019/10/16 10:16:36]  libgbm-dev : Depends: libgbm1 (= 10.1.0-4ubuntu5) but 10.1.3-0ubuntu0.6 is to be installed
[2019/10/16 10:16:36]  libglib2.0-0 : Breaks: libglib2.0-0:i386 (!= 2.40.2-0ubuntu1.1) but 2.40.0-2 is to be installed
[2019/10/16 10:16:36]  libglib2.0-0:i386 : Depends: libc6:i386 (>= 2.17) but it is not going to be installed
[2019/10/16 10:16:36]                      Depends: libffi6:i386 (>= 3.0.4) but it is not going to be installed
[2019/10/16 10:16:36]                      Depends: libpcre3:i386 but it is not going to be installed
[2019/10/16 10:16:36]                      Depends: libselinux1:i386 (>= 1.32) but it is not going to be installed
[2019/10/16 10:16:36]                      Depends: zlib1g:i386 (>= 1:1.2.2) but it is not going to be installed
[2019/10/16 10:16:36]                      Breaks: libglib2.0-0 (!= 2.40.0-2) but 2.40.2-0ubuntu1.1 is to be installed
[2019/10/16 10:16:36]  libglib2.0-dev : Depends: libglib2.0-0 (= 2.40.0-2) but 2.40.2-0ubuntu1.1 is to be installed
[2019/10/16 10:16:36]                   Depends: libglib2.0-bin (= 2.40.0-2)
[2019/10/16 10:16:36]                   Depends: libpcre3-dev (>= 1:8.31) but it is not going to be installed
[2019/10/16 10:16:36]                   Depends: zlib1g-dev but it is not going to be installed
[2019/10/16 10:16:36]  libglu1-mesa-dev : Depends: libgl1-mesa-dev but it is not going to be installed or
[2019/10/16 10:16:36]                              libgl-dev
[2019/10/16 10:16:36]  libgpm2:i386 : Depends: libc6:i386 (>= 2.15) but it is not going to be installed
[2019/10/16 10:16:36]  libgtk-3-dev : Depends: libgtk-3-0 (= 3.10.8-0ubuntu1) but 3.10.8-0ubuntu1.6 is to be installed
[2019/10/16 10:16:36]                 Depends: gir1.2-gtk-3.0 (= 3.10.8-0ubuntu1) but 3.10.8-0ubuntu1.6 is to be installed
[2019/10/16 10:16:36]                 Depends: libgdk-pixbuf2.0-dev (>= 2.27.1) but it is not going to be installed
[2019/10/16 10:16:36]                 Depends: libpango1.0-dev (>= 1.32.4) but it is not going to be installed
[2019/10/16 10:16:36]                 Depends: libwayland-dev (>= 1.2.0) but it is not going to be installed
[2019/10/16 10:16:36]                 Depends: libx11-dev but it is not going to be installed
[2019/10/16 10:16:36]                 Depends: libxext-dev but it is not going to be installed
[2019/10/16 10:16:36]                 Depends: libxinerama-dev but it is not going to be installed
[2019/10/16 10:16:36]                 Depends: libxi-dev but it is not going to be installed
[2019/10/16 10:16:36]                 Depends: libxrandr-dev but it is not going to be installed
[2019/10/16 10:16:36]                 Depends: libxcursor-dev but it is not going to be installed
[2019/10/16 10:16:36]                 Depends: libxfixes-dev but it is not going to be installed
[2019/10/16 10:16:36]                 Depends: libxcomposite-dev but it is not going to be installed
[2019/10/16 10:16:36]                 Depends: libxdamage-dev but it is not going to be installed
[2019/10/16 10:16:36]  libjpeg-dev : Depends: libjpeg8-dev but it is not going to be installed
[2019/10/16 10:16:36]  libkrb5-dev : Depends: krb5-multidev (= 1.12+dfsg-2ubuntu4) but it is not going to be installed
[2019/10/16 10:16:36]  libncurses5:i386 : Depends: libtinfo5:i386 (= 5.9+20140118-1ubuntu1) but it is not going to be installed
[2019/10/16 10:16:36]                     Depends: libc6:i386 (>= 2.15) but it is not going to be installed
[2019/10/16 10:16:36]                     PreDepends: libtinfo5:i386 (>= 5.9-3) but it is not going to be installed
[2019/10/16 10:16:36]  libnspr4-dev : Depends: libnspr4 (<= 2:4.10.2-1ubuntu1.1~) but 2:4.13.1-0ubuntu0.14.04.1 is to be installed
[2019/10/16 10:16:36]  libnss3 : Breaks: libnss3:i386 (!= 2:3.28.4-0ubuntu0.14.04.5) but 2:3.15.4-1ubuntu7 is to be installed
[2019/10/16 10:16:36]  libnss3:i386 : Depends: libc6:i386 (>= 2.4) but it is not going to be installed
[2019/10/16 10:16:36]                 Depends: libnspr4:i386 (>= 2:4.9-2~) but it is not going to be installed or
[2019/10/16 10:16:36]                          libnspr4-0d:i386 (>= 4.8.6) but it is not going to be installed
[2019/10/16 10:16:36]                 Depends: libsqlite3-0:i386 (>= 3.5.9) but it is not going to be installed
[2019/10/16 10:16:36]                 Depends: zlib1g:i386 (>= 1:1.1.4) but it is not going to be installed
[2019/10/16 10:16:36]                 Breaks: libnss3 (!= 2:3.15.4-1ubuntu7) but 2:3.28.4-0ubuntu0.14.04.5 is to be installed
[2019/10/16 10:16:36]  libnss3-dev : Depends: libnss3 (= 2:3.15.4-1ubuntu7) but 2:3.28.4-0ubuntu0.14.04.5 is to be installed
[2019/10/16 10:16:36]  libpam0g-dev : Depends: libpam0g (= 1.1.8-1ubuntu2) but 1.1.8-1ubuntu2.2 is to be installed
[2019/10/16 10:16:36]  libpango1.0-0 : Breaks: libpango1.0-0:i386 (!= 1.36.3-1ubuntu1.1) but 1.36.3-1ubuntu1 is to be installed
[2019/10/16 10:16:36]  libpango1.0-0:i386 : Depends: libpango-1.0-0:i386 (= 1.36.3-1ubuntu1) but it is not going to be installed
[2019/10/16 10:16:36]                       Depends: libpangocairo-1.0-0:i386 (= 1.36.3-1ubuntu1) but it is not going to be installed
[2019/10/16 10:16:36]                       Depends: libpangoxft-1.0-0:i386 (= 1.36.3-1ubuntu1) but it is not going to be installed
[2019/10/16 10:16:36]                       Depends: libpangoft2-1.0-0:i386 (= 1.36.3-1ubuntu1) but it is not going to be installed
[2019/10/16 10:16:36]                       Depends: libpangox-1.0-0:i386 (>= 0.0.2-2~) but it is not going to be installed
[2019/10/16 10:16:36]                       Breaks: libpango1.0-0 (!= 1.36.3-1ubuntu1) but 1.36.3-1ubuntu1.1 is to be installed
[2019/10/16 10:16:36]  libpci-dev : Depends: zlib1g-dev but it is not going to be installed
[2019/10/16 10:16:36]               Depends: libpci3 (= 1:3.2.1-1ubuntu5) but 1:3.2.1-1ubuntu5.1 is to be installed
[2019/10/16 10:16:36]  libpci3 : Breaks: libpci3:i386 (!= 1:3.2.1-1ubuntu5.1) but 1:3.2.1-1ubuntu5 is to be installed
[2019/10/16 10:16:36]  libpci3:i386 : Depends: libc6:i386 (>= 2.7) but it is not going to be installed
[2019/10/16 10:16:36]                 Depends: zlib1g:i386 (>= 1:1.1.4) but it is not going to be installed
[2019/10/16 10:16:36]                 Breaks: libpci3 (!= 1:3.2.1-1ubuntu5) but 1:3.2.1-1ubuntu5.1 is to be installed
[2019/10/16 10:16:36]  libpulse-dev : Depends: libpulse0 (= 1:4.0-0ubuntu11) but 1:4.0-0ubuntu11.1 is to be installed
[2019/10/16 10:16:36]                 Depends: libpulse-mainloop-glib0 (= 1:4.0-0ubuntu11) but 1:4.0-0ubuntu11.1 is to be installed
[2019/10/16 10:16:36]                 Depends: libavahi-client-dev but it is not going to be installed
[2019/10/16 10:16:36]  libsqlite3-dev : Depends: libsqlite3-0 (= 3.8.2-1ubuntu2) but 3.8.2-1ubuntu2.2 is to be installed
[2019/10/16 10:16:36]  libssl-dev : Depends: libssl1.0.0 (= 1.0.1f-1ubuntu2) but 1.0.1f-1ubuntu2.27 is to be installed
[2019/10/16 10:16:36]               Depends: zlib1g-dev but it is not going to be installed
[2019/10/16 10:16:36]               Recommends: libssl-doc but it is not going to be installed
[2019/10/16 10:16:36]  libssl-dev:i386 : Depends: zlib1g-dev:i386 but it is not going to be installed
[2019/10/16 10:16:36]                    Recommends: libssl-doc:i386 but it is not installable
[2019/10/16 10:16:36]  libssl1.0.0 : Breaks: libssl1.0.0:i386 (!= 1.0.1f-1ubuntu2.27) but 1.0.1f-1ubuntu2 is to be installed
[2019/10/16 10:16:36]  libssl1.0.0:i386 : Depends: libc6:i386 (>= 2.7) but it is not going to be installed
[2019/10/16 10:16:36]                     Breaks: libssl1.0.0 (!= 1.0.1f-1ubuntu2) but 1.0.1f-1ubuntu2.27 is to be installed
[2019/10/16 10:16:36]  libtinfo-dev:i386 : Depends: libtinfo5:i386 (= 5.9+20140118-1ubuntu1) but it is not going to be installed
[2019/10/16 10:16:36]  libudev-dev : Depends: libudev1 (= 204-5ubuntu20) but 204-5ubuntu20.29 is to be installed
[2019/10/16 10:16:36]  libudev1 : Breaks: libudev1:i386 (!= 204-5ubuntu20.29) but 204-5ubuntu20 is to be installed
[2019/10/16 10:16:36]  libudev1:i386 : Depends: libc6:i386 (>= 2.17) but it is not going to be installed
[2019/10/16 10:16:36]                  Depends: libcgmanager0:i386 but it is not going to be installed
[2019/10/16 10:16:36]                  Depends: libdbus-1-3:i386 (>= 1.0.2) but it is not going to be installed
[2019/10/16 10:16:36]                  Depends: libnih-dbus1:i386 (>= 1.0.0) but it is not going to be installed
[2019/10/16 10:16:36]                  Depends: libnih1:i386 (>= 1.0.0) but it is not going to be installed
[2019/10/16 10:16:36]                  Breaks: libudev1 (!= 204-5ubuntu20) but 204-5ubuntu20.29 is to be installed
[2019/10/16 10:16:36]  libuuid1 : Breaks: libuuid1:i386 (!= 2.20.1-5.1ubuntu20.9) but 2.20.1-5.1ubuntu20 is to be installed
[2019/10/16 10:16:36]  libuuid1:i386 : Depends: libc6:i386 (>= 2.4) but it is not going to be installed
[2019/10/16 10:16:36]                  Breaks: libuuid1 (!= 2.20.1-5.1ubuntu20) but 2.20.1-5.1ubuntu20.9 is to be installed
[2019/10/16 10:16:36]  libwww-perl : Depends: liblwp-protocol-https-perl but it is not going to be installed
[2019/10/16 10:16:36]                Recommends: libmailtools-perl but it is not going to be installed
[2019/10/16 10:16:36]  libx11-xcb1 : Breaks: libx11-xcb1:i386 (!= 2:1.6.2-1ubuntu2.1) but 2:1.6.2-1ubuntu2 is to be installed
[2019/10/16 10:16:36]  libx11-xcb1:i386 : Depends: libc6:i386 (>= 2.1.3) but it is not going to be installed
[2019/10/16 10:16:36]                     Breaks: libx11-xcb1 (!= 2:1.6.2-1ubuntu2) but 2:1.6.2-1ubuntu2.1 is to be installed
[2019/10/16 10:16:36]  libxcomposite1:i386 : Depends: libc6:i386 (>= 2.1.3) but it is not going to be installed
[2019/10/16 10:16:36]                        Depends: libx11-6:i386 (>= 2:1.4.99.1) but it is not going to be installed
[2019/10/16 10:16:36]  libxcursor1 : Breaks: libxcursor1:i386 (!= 1:1.1.14-1ubuntu0.14.04.2) but 1:1.1.14-1 is to be installed
[2019/10/16 10:16:36]  libxcursor1:i386 : Depends: libc6:i386 (>= 2.4) but it is not going to be installed
[2019/10/16 10:16:36]                     Depends: libx11-6:i386 (>= 2:1.4.99.1) but it is not going to be installed
[2019/10/16 10:16:36]                     Depends: libxfixes3:i386 but it is not going to be installed
[2019/10/16 10:16:36]                     Depends: libxrender1:i386 but it is not going to be installed
[2019/10/16 10:16:36]                     Breaks: libxcursor1 (!= 1:1.1.14-1) but 1:1.1.14-1ubuntu0.14.04.2 is to be installed
[2019/10/16 10:16:36]  libxdamage1:i386 : Depends: libc6:i386 (>= 2.1.3) but it is not going to be installed
[2019/10/16 10:16:36]                     Depends: libx11-6:i386 (>= 2:1.4.99.1) but it is not going to be installed
[2019/10/16 10:16:36]  libxi6 : Breaks: libxi6:i386 (!= 2:1.7.1.901-1ubuntu1.1) but 2:1.7.1.901-1ubuntu1 is to be installed
[2019/10/16 10:16:36]  libxi6:i386 : Depends: libc6:i386 (>= 2.4) but it is not going to be installed
[2019/10/16 10:16:36]                Depends: libx11-6:i386 (>= 2:1.4.99.1) but it is not going to be installed
[2019/10/16 10:16:36]                Depends: libxext6:i386 but it is not going to be installed
[2019/10/16 10:16:36]                Breaks: libxi6 (!= 2:1.7.1.901-1ubuntu1) but 2:1.7.1.901-1ubuntu1.1 is to be installed
[2019/10/16 10:16:36]  libxkbcommon-dev : Depends: libxkbcommon0 (= 0.4.1-0ubuntu1) but 0.4.1-0ubuntu1.1 is to be installed
[2019/10/16 10:16:36]  libxrandr2 : Breaks: libxrandr2:i386 (!= 2:1.5.0-1~trusty1) but 2:1.4.2-1 is to be installed
[2019/10/16 10:16:36]  libxrandr2:i386 : Depends: libc6:i386 (>= 2.1.3) but it is not going to be installed
[2019/10/16 10:16:36]                    Depends: libx11-6:i386 (>= 2:1.6.0) but it is not going to be installed
[2019/10/16 10:16:36]                    Depends: libxext6:i386 but it is not going to be installed
[2019/10/16 10:16:36]                    Depends: libxrender1:i386 but it is not going to be installed
[2019/10/16 10:16:36]                    Breaks: libxrandr2 (!= 2:1.4.2-1) but 2:1.5.0-1~trusty1 is to be installed
[2019/10/16 10:16:36]  libxslt1-dev : Depends: libxslt1.1 (= 1.1.28-2build1) but 1.1.28-2ubuntu0.1 is to be installed
[2019/10/16 10:16:36]                 Depends: libxml2-dev (>= 2.6.26) but it is not going to be installed
[2019/10/16 10:16:36]  libxss-dev : Depends: libx11-dev but it is not going to be installed
[2019/10/16 10:16:36]               Depends: libxext-dev but it is not going to be installed
[2019/10/16 10:16:36]  libxss1:i386 : Depends: libc6:i386 (>= 2.1.3) but it is not going to be installed
[2019/10/16 10:16:36]                 Depends: libx11-6:i386 (>= 2:1.4.99.1) but it is not going to be installed
[2019/10/16 10:16:36]                 Depends: libxext6:i386 but it is not going to be installed
[2019/10/16 10:16:36]  libxt-dev : Depends: libx11-dev but it is not going to be installed
[2019/10/16 10:16:36]  libxtst-dev : Depends: libx11-dev but it is not going to be installed
[2019/10/16 10:16:36]                Depends: libxext-dev but it is not going to be installed
[2019/10/16 10:16:36]                Depends: libxi-dev but it is not going to be installed
[2019/10/16 10:16:36]  libxtst6:i386 : Depends: libc6:i386 (>= 2.4) but it is not going to be installed
[2019/10/16 10:16:36]                  Depends: libx11-6:i386 (>= 2:1.4.99.1) but it is not going to be installed
[2019/10/16 10:16:36]                  Depends: libxext6:i386 but it is not going to be installed
[2019/10/16 10:16:36]  linux-libc-dev : Breaks: linux-libc-dev:i386 (!= 3.13.0-165.215) but 3.13.0-24.46 is to be installed
[2019/10/16 10:16:36]  linux-libc-dev:i386 : Breaks: linux-libc-dev (!= 3.13.0-24.46) but 3.13.0-165.215 is to be installed
[2019/10/16 10:16:36]  python-dev : Depends: libpython-dev (= 2.7.5-5ubuntu3) but it is not going to be installed
[2019/10/16 10:16:36]               Depends: python2.7-dev (>= 2.7.5-1~) but it is not going to be installed
[2019/10/16 10:16:36]  python-numpy : Depends: liblapack3 but it is not going to be installed or
[2019/10/16 10:16:36]                          liblapack.so.3
[2019/10/16 10:16:36]  python-opencv : Depends: libpython2.7 (>= 2.7) but it is not going to be installed
[2019/10/16 10:16:36]  ruby : Depends: ruby1.9.1 (>= 1.9.3.194-1) but it is not going to be installed
[2019/10/16 10:16:36]  subversion : Depends: libsvn1 (= 1.8.8-1ubuntu3) but it is not going to be installed
[2019/10/16 10:16:36]               Depends: libaprutil1 (>= 1.2.7+dfsg) but it is not going to be installed
[2019/10/16 10:16:36]  uuid-dev : Depends: libuuid1 (= 2.20.1-5.1ubuntu20) but 2.20.1-5.1ubuntu20.9 is to be installed
[2019/10/16 10:16:36] 
[2019/10/16 10:16:36] You will have to install the above packages yourself.
[2019/10/16 10:16:36] 
[2019/10/16 10:18:59] ywf@ywf-pc:/work/workspace/webrtc/src$ gn gen out/Default --args='is_debug=false'
[2019/10/16 10:19:00] gn：未找到命令
[2019/10/16 10:23:14] ywf@ywf-pc:/work/workspace/webrtc/src$ gn
[2019/10/16 10:23:14] gn：未找到命令
[2019/10/16 10:56:46] ywf@ywf-pc:/work/workspace/webrtc/src$ cd ..
[2019/10/16 10:56:47] ywf@ywf-pc:/work/workspace/webrtc$ ls
[2019/10/16 10:56:47] depot  src
[2019/10/16 10:57:05] ywf@ywf-pc:/work/workspace/webrtc$ depot_tools
[2019/10/16 10:57:05] depot_tools：未找到命令
[2019/10/16 10:57:08] ywf@ywf-pc:/work/workspace/webrtc$ cd depot/
[2019/10/16 10:57:09] ywf@ywf-pc:/work/workspace/webrtc/depot$ ls
[2019/10/16 10:57:09] depot_tools
[2019/10/16 10:57:13] ywf@ywf-pc:/work/workspace/webrtc/depot$ export PATH=$PATH:`pwd`/depot_tools
[2019/10/16 10:57:23] ywf@ywf-pc:/work/workspace/webrtc/depot$ cd ..
[2019/10/16 10:57:24] ywf@ywf-pc:/work/workspace/webrtc$ ls
[2019/10/16 10:57:24] depot  src
[2019/10/16 10:57:29] ywf@ywf-pc:/work/workspace/webrtc$ cd src
[2019/10/16 10:57:29] ywf@ywf-pc:/work/workspace/webrtc/src$ ls
[2019/10/16 10:57:29] abseil-in-webrtc.md  buildtools           DEPS                  modules        presubmit_test_mocks.py  sdk              tools
[2019/10/16 10:57:29] api                  call                 docs                  native-api.md  presubmit_test.py        stats            tools_webrtc
[2019/10/16 10:57:29] audio                CODE_OF_CONDUCT.md   ENG_REVIEW_OWNERS     out            pylintrc                 style-guide      video
[2019/10/16 10:57:29] AUTHORS              codereview.settings  examples              OWNERS         README.chromium          style-guide.md   WATCHLISTS
[2019/10/16 10:57:29] base                 common_audio         LICENSE               p2p            README.md                system_wrappers  webrtc.gni
[2019/10/16 10:57:29] build                common_types.h       license_template.txt  PATENTS        resources                test             whitespace.txt
[2019/10/16 10:57:29] BUILD.gn             common_video         logging               pc             rtc_base                 testing
[2019/10/16 10:57:29] build_overrides      data                 media                 PRESUBMIT.py   rtc_tools                third_party
[2019/10/16 10:58:02] ywf@ywf-pc:/work/workspace/webrtc/src$ gn gen out/Default --args='is_debug=false'
[2019/10/16 10:58:05] Done. Made 1004 targets from 205 files in 3410ms
[2019/10/16 10:58:25] ywf@ywf-pc:/work/workspace/webrtc/src$ ninja -C out/Default
[2019/10/16 10:58:25] ninja: Entering directory `out/Default'
[2019/10/16 11:47:19] [4510/4510] STAMP obj/default.stamp
